<?xml version="1.0" encoding="UTF-8"?>
<testsuite xmlns:xsi="http://www.w3.org/2001/XMLSchema-instance" xsi:noNamespaceSchemaLocation="https://maven.apache.org/surefire/maven-surefire-plugin/xsd/surefire-test-report.xsd" name="options.RunBddTests" time="3.179" tests="28" errors="0" skipped="0" failures="4">
  <properties>
[...]
</properties>
  <testcase name="Given system already initiate" classname="Scenario: Add new product price event" time="0.003"/>
  <testcase name="When new product price event with name &quot;&lt;name&gt;&quot; description &quot;&lt;description&gt;&quot; added with below details:" classname="Scenario: Add new product price event" time="0"/>
  <testcase name="Then price event is created" classname="Scenario: Add new product price event" time="0"/>
  <testcase name="Scenario: Add new product price event" classname="Scenario: Add new product price event" time="0"/>
  <testcase name="Given system already initiate" classname="Scenario: Add New Product" time="0"/>
  <testcase name="When new product with details below added" classname="Scenario: Add New Product" time="0"/>
  <testcase name="Then new product is created" classname="Scenario: Add New Product" time="0"/>
  <testcase name="Scenario: Add New Product" classname="Scenario: Add New Product" time="0.001"/>
  <testcase name="Given system already initiate" classname="Scenario: Add new product catalog" time="0"/>
  <testcase name="When new product catalog with detail below added" classname="Scenario: Add new product catalog" time="0"/>
  <testcase name="Then new product catalog is created" classname="Scenario: Add new product catalog" time="0.014">
    <failure message="1 expectation failed.&#10;Expected status code &lt;201&gt; doesn&apos;t match actual status code &lt;500&gt;.&#10;" type="java.lang.AssertionError"><![CDATA[java.lang.AssertionError: 
1 expectation failed.
Expected status code <201> doesn't match actual status code <500>.

]]></failure>
  </testcase>
  <testcase name="Scenario: Add new product catalog" classname="Scenario: Add new product catalog" time="0.014">
    <failure message="1 expectation failed.&#10;Expected status code &lt;201&gt; doesn&apos;t match actual status code &lt;500&gt;.&#10;" type="java.lang.AssertionError"><![CDATA[java.lang.AssertionError: 
1 expectation failed.
Expected status code <201> doesn't match actual status code <500>.

]]></failure>
  </testcase>
  <testcase name="Given system already initiate" classname="Scenario: Add new product offering price" time="0"/>
  <testcase name="When new product offering price with detail below added" classname="Scenario: Add new product offering price" time="0"/>
  <testcase name="Then new product offering price is created" classname="Scenario: Add new product offering price" time="0.001"/>
  <testcase name="Scenario: Add new product offering price" classname="Scenario: Add new product offering price" time="0.001"/>
  <testcase name="Given system already initiate" classname="Scenario: Add new product price" time="0"/>
  <testcase name="When new product price with detail below added" classname="Scenario: Add new product price" time="0"/>
  <testcase name="Then new product price is created" classname="Scenario: Add new product price" time="0.001">
    <failure message="1 expectation failed.&#10;Expected status code &lt;201&gt; doesn&apos;t match actual status code &lt;400&gt;.&#10;" type="java.lang.AssertionError"><![CDATA[java.lang.AssertionError: 
1 expectation failed.
Expected status code <201> doesn't match actual status code <400>.

]]></failure>
  </testcase>
  <testcase name="Scenario: Add new product price" classname="Scenario: Add new product price" time="0.001">
    <failure message="1 expectation failed.&#10;Expected status code &lt;201&gt; doesn&apos;t match actual status code &lt;400&gt;.&#10;" type="java.lang.AssertionError"><![CDATA[java.lang.AssertionError: 
1 expectation failed.
Expected status code <201> doesn't match actual status code <400>.

]]></failure>
  </testcase>
  <testcase name="Given system already initiate" classname="Scenario: Add New Product Specification" time="0"/>
  <testcase name="When new product specification with code &quot;inet&quot; display name &quot;Internet&quot; description &quot;Internet&quot; category &quot;atomic&quot; added" classname="Scenario: Add New Product Specification" time="0"/>
  <testcase name="Then new product specification is created" classname="Scenario: Add New Product Specification" time="0"/>
  <testcase name="Scenario: Add New Product Specification" classname="Scenario: Add New Product Specification" time="0"/>
  <testcase name="Given system already initiate" classname="Scenario: Add New Product Specification type" time="0"/>
  <testcase name="When new product specification type with code &quot;inet&quot; display name &quot;Internet&quot; added" classname="Scenario: Add New Product Specification type" time="0.001"/>
  <testcase name="Then new product specification type is created" classname="Scenario: Add New Product Specification type" time="0"/>
  <testcase name="Scenario: Add New Product Specification type" classname="Scenario: Add New Product Specification type" time="0.002"/>
</testsuite>